# JRE version: OpenJDK Runtime Environment Microsoft-7208460 (11.0.18+10) (build 11.0.18+10-LTS)
# Java VM: OpenJDK 64-Bit Server VM Microsoft-7208460 (11.0.18+10-LTS, mixed mode, tiered, compressed oops, g1 gc, windows-amd64)
Heap:
 garbage-first heap   total 126976K, used 61199K [0x0000000080000000, 0x0000000100000000)
  region size 1024K, 46 young (47104K), 2 survivors (2048K)
 Metaspace       used 25018K, capacity 25568K, committed 25648K, reserved 538624K
  class space    used 3174K, capacity 3381K, committed 3456K, reserved 516096K
GC Heap History (10 events):
Event: 23.081 GC heap before
{Heap before GC invocations=0 (full 0):
 garbage-first heap   total 126976K, used 16384K [0x0000000080000000, 0x0000000100000000)
  region size 1024K, 14 young (14336K), 0 survivors (0K)
 Metaspace       used 6760K, capacity 7001K, committed 7168K, reserved 524288K
  class space    used 573K, capacity 650K, committed 768K, reserved 516096K
}
Event: 23.900 GC heap after
{Heap after GC invocations=1 (full 0):
 garbage-first heap   total 126976K, used 3841K [0x0000000080000000, 0x0000000100000000)
  region size 1024K, 2 young (2048K), 2 survivors (2048K)
 Metaspace       used 6760K, capacity 7001K, committed 7168K, reserved 524288K
  class space    used 573K, capacity 650K, committed 768K, reserved 516096K
}
Event: 31.701 GC heap before
{Heap before GC invocations=1 (full 0):
 garbage-first heap   total 126976K, used 18177K [0x0000000080000000, 0x0000000100000000)
  region size 1024K, 13 young (13312K), 2 survivors (2048K)
 Metaspace       used 9851K, capacity 10032K, committed 10368K, reserved 526336K
  class space    used 1003K, capacity 1069K, committed 1152K, reserved 516096K
}
Event: 31.708 GC heap after
{Heap after GC invocations=2 (full 0):
 garbage-first heap   total 126976K, used 9119K [0x0000000080000000, 0x0000000100000000)
  region size 1024K, 2 young (2048K), 2 survivors (2048K)
 Metaspace       used 9851K, capacity 10032K, committed 10368K, reserved 526336K
  class space    used 1003K, capacity 1069K, committed 1152K, reserved 516096K
}
Event: 42.183 GC heap before
{Heap before GC invocations=2 (full 0):
 garbage-first heap   total 126976K, used 31647K [0x0000000080000000, 0x0000000100000000)
  region size 1024K, 24 young (24576K), 2 survivors (2048K)
 Metaspace       used 10897K, capacity 11085K, committed 11264K, reserved 526336K
  class space    used 1113K, capacity 1207K, committed 1280K, reserved 516096K
}
Event: 42.191 GC heap after
{Heap after GC invocations=3 (full 0):
 garbage-first heap   total 126976K, used 9959K [0x0000000080000000, 0x0000000100000000)
  region size 1024K, 1 young (1024K), 1 survivors (1024K)
 Metaspace       used 10897K, capacity 11085K, committed 11264K, reserved 526336K
  class space    used 1113K, capacity 1207K, committed 1280K, reserved 516096K
}
Event: 67.248 GC heap before
{Heap before GC invocations=3 (full 0):
 garbage-first heap   total 126976K, used 43751K [0x0000000080000000, 0x0000000100000000)
  region size 1024K, 33 young (33792K), 1 survivors (1024K)
 Metaspace       used 15223K, capacity 15535K, committed 15744K, reserved 530432K
  class space    used 1703K, capacity 1798K, committed 1920K, reserved 516096K
}
Event: 67.662 GC heap after
{Heap after GC invocations=4 (full 0):
 garbage-first heap   total 126976K, used 15512K [0x0000000080000000, 0x0000000100000000)
  region size 1024K, 5 young (5120K), 5 survivors (5120K)
 Metaspace       used 15223K, capacity 15535K, committed 15744K, reserved 530432K
  class space    used 1703K, capacity 1798K, committed 1920K, reserved 516096K
}
Event: 103.936 GC heap before
{Heap before GC invocations=4 (full 0):
 garbage-first heap   total 126976K, used 53400K [0x0000000080000000, 0x0000000100000000)
  region size 1024K, 43 young (44032K), 5 survivors (5120K)
 Metaspace       used 20765K, capacity 21178K, committed 21296K, reserved 536576K
  class space    used 2482K, capacity 2658K, committed 2688K, reserved 516096K
}
Event: 103.998 GC heap after
{Heap after GC invocations=5 (full 0):
 garbage-first heap   total 126976K, used 17167K [0x0000000080000000, 0x0000000100000000)
  region size 1024K, 2 young (2048K), 2 survivors (2048K)
 Metaspace       used 20765K, capacity 21178K, committed 21296K, reserved 536576K
  class space    used 2482K, capacity 2658K, committed 2688K, reserved 516096K
}

