# JRE version: OpenJDK Runtime Environment Microsoft-7208460 (11.0.18+10) (build 11.0.18+10-LTS)
# Java VM: OpenJDK 64-Bit Server VM Microsoft-7208460 (11.0.18+10-LTS, mixed mode, tiered, compressed oops, g1 gc, windows-amd64)
Heap:
 garbage-first heap   total 126976K, used 44305K [0x0000000080000000, 0x0000000100000000)
  region size 1024K, 28 young (28672K), 6 survivors (6144K)
 Metaspace       used 37370K, capacity 38300K, committed 38480K, reserved 550912K
  class space    used 4741K, capacity 5100K, committed 5120K, reserved 516096K
GC Heap History (16 events):
Event: 22.329 GC heap before
{Heap before GC invocations=0 (full 0):
 garbage-first heap   total 126976K, used 16384K [0x0000000080000000, 0x0000000100000000)
  region size 1024K, 14 young (14336K), 0 survivors (0K)
 Metaspace       used 6768K, capacity 6993K, committed 7168K, reserved 524288K
  class space    used 573K, capacity 650K, committed 768K, reserved 516096K
}
Event: 23.104 GC heap after
{Heap after GC invocations=1 (full 0):
 garbage-first heap   total 126976K, used 3837K [0x0000000080000000, 0x0000000100000000)
  region size 1024K, 2 young (2048K), 2 survivors (2048K)
 Metaspace       used 6768K, capacity 6993K, committed 7168K, reserved 524288K
  class space    used 573K, capacity 650K, committed 768K, reserved 516096K
}
Event: 30.151 GC heap before
{Heap before GC invocations=1 (full 0):
 garbage-first heap   total 126976K, used 19197K [0x0000000080000000, 0x0000000100000000)
  region size 1024K, 14 young (14336K), 2 survivors (2048K)
 Metaspace       used 9948K, capacity 10186K, committed 10368K, reserved 526336K
  class space    used 1011K, capacity 1102K, committed 1152K, reserved 516096K
}
Event: 30.158 GC heap after
{Heap after GC invocations=2 (full 0):
 garbage-first heap   total 126976K, used 9310K [0x0000000080000000, 0x0000000100000000)
  region size 1024K, 2 young (2048K), 2 survivors (2048K)
 Metaspace       used 9948K, capacity 10186K, committed 10368K, reserved 526336K
  class space    used 1011K, capacity 1102K, committed 1152K, reserved 516096K
}
Event: 46.200 GC heap before
{Heap before GC invocations=2 (full 0):
 garbage-first heap   total 126976K, used 36958K [0x0000000080000000, 0x0000000100000000)
  region size 1024K, 28 young (28672K), 2 survivors (2048K)
 Metaspace       used 10903K, capacity 11077K, committed 11264K, reserved 526336K
  class space    used 1113K, capacity 1207K, committed 1280K, reserved 516096K
}
Event: 46.217 GC heap after
{Heap after GC invocations=3 (full 0):
 garbage-first heap   total 126976K, used 11200K [0x0000000080000000, 0x0000000100000000)
  region size 1024K, 4 young (4096K), 4 survivors (4096K)
 Metaspace       used 10903K, capacity 11077K, committed 11264K, reserved 526336K
  class space    used 1113K, capacity 1207K, committed 1280K, reserved 516096K
}
Event: 92.234 GC heap before
{Heap before GC invocations=3 (full 0):
 garbage-first heap   total 126976K, used 49088K [0x0000000080000000, 0x0000000100000000)
  region size 1024K, 41 young (41984K), 4 survivors (4096K)
 Metaspace       used 17560K, capacity 17980K, committed 18048K, reserved 532480K
  class space    used 2018K, capacity 2144K, committed 2176K, reserved 516096K
}
Event: 92.446 GC heap after
{Heap after GC invocations=4 (full 0):
 garbage-first heap   total 126976K, used 16059K [0x0000000080000000, 0x0000000100000000)
  region size 1024K, 6 young (6144K), 6 survivors (6144K)
 Metaspace       used 17560K, capacity 17980K, committed 18048K, reserved 532480K
  class space    used 2018K, capacity 2144K, committed 2176K, reserved 516096K
}
Event: 98.637 GC heap before
{Heap before GC invocations=4 (full 0):
 garbage-first heap   total 126976K, used 41659K [0x0000000080000000, 0x0000000100000000)
  region size 1024K, 32 young (32768K), 6 survivors (6144K)
 Metaspace       used 20711K, capacity 21169K, committed 21296K, reserved 536576K
  class space    used 2478K, capacity 2658K, committed 2688K, reserved 516096K
}
Event: 98.660 GC heap after
{Heap after GC invocations=5 (full 0):
 garbage-first heap   total 126976K, used 17696K [0x0000000080000000, 0x0000000100000000)
  region size 1024K, 2 young (2048K), 2 survivors (2048K)
 Metaspace       used 20711K, capacity 21169K, committed 21296K, reserved 536576K
  class space    used 2478K, capacity 2658K, committed 2688K, reserved 516096K
}
Event: 109.835 GC heap before
{Heap before GC invocations=6 (full 0):
 garbage-first heap   total 126976K, used 63776K [0x0000000080000000, 0x0000000100000000)
  region size 1024K, 47 young (48128K), 2 survivors (2048K)
 Metaspace       used 25500K, capacity 26084K, committed 26160K, reserved 540672K
  class space    used 3247K, capacity 3450K, committed 3456K, reserved 516096K
}
Event: 109.847 GC heap after
{Heap after GC invocations=7 (full 0):
 garbage-first heap   total 126976K, used 19250K [0x0000000080000000, 0x0000000100000000)
  region size 1024K, 3 young (3072K), 3 survivors (3072K)
 Metaspace       used 25500K, capacity 26084K, committed 26160K, reserved 540672K
  class space    used 3247K, capacity 3450K, committed 3456K, reserved 516096K
}
Event: 130.823 GC heap before
{Heap before GC invocations=7 (full 0):
 garbage-first heap   total 126976K, used 81714K [0x0000000080000000, 0x0000000100000000)
  region size 1024K, 64 young (65536K), 3 survivors (3072K)
 Metaspace       used 31906K, capacity 32662K, committed 32944K, reserved 544768K
  class space    used 4213K, capacity 4520K, committed 4608K, reserved 516096K
}
Event: 130.870 GC heap after
{Heap after GC invocations=8 (full 0):
 garbage-first heap   total 126976K, used 21323K [0x0000000080000000, 0x0000000100000000)
  region size 1024K, 5 young (5120K), 5 survivors (5120K)
 Metaspace       used 31906K, capacity 32662K, committed 32944K, reserved 544768K
  class space    used 4213K, capacity 4520K, committed 4608K, reserved 516096K
}
Event: 135.996 GC heap before
{Heap before GC invocations=8 (full 0):
 garbage-first heap   total 126976K, used 28491K [0x0000000080000000, 0x0000000100000000)
  region size 1024K, 13 young (13312K), 5 survivors (5120K)
 Metaspace       used 35001K, capacity 35769K, committed 35920K, reserved 548864K
  class space    used 4459K, capacity 4790K, committed 4864K, reserved 516096K
}
Event: 136.034 GC heap after
{Heap after GC invocations=9 (full 0):
 garbage-first heap   total 126976K, used 22801K [0x0000000080000000, 0x0000000100000000)
  region size 1024K, 6 young (6144K), 6 survivors (6144K)
 Metaspace       used 35001K, capacity 35769K, committed 35920K, reserved 548864K
  class space    used 4459K, capacity 4790K, committed 4864K, reserved 516096K
}

