# JRE version: OpenJDK Runtime Environment Microsoft-7208460 (11.0.18+10) (build 11.0.18+10-LTS)
# Java VM: OpenJDK 64-Bit Server VM Microsoft-7208460 (11.0.18+10-LTS, mixed mode, tiered, compressed oops, g1 gc, windows-amd64)
Heap:
 garbage-first heap   total 126976K, used 76967K [0x0000000080000000, 0x0000000100000000)
  region size 1024K, 61 young (62464K), 3 survivors (3072K)
 Metaspace       used 30911K, capacity 31696K, committed 31792K, reserved 544768K
  class space    used 4084K, capacity 4391K, committed 4480K, reserved 516096K
GC Heap History (12 events):
Event: 15.917 GC heap before
{Heap before GC invocations=0 (full 0):
 garbage-first heap   total 126976K, used 16384K [0x0000000080000000, 0x0000000100000000)
  region size 1024K, 14 young (14336K), 0 survivors (0K)
 Metaspace       used 6767K, capacity 6989K, committed 7168K, reserved 524288K
  class space    used 573K, capacity 650K, committed 768K, reserved 516096K
}
Event: 16.332 GC heap after
{Heap after GC invocations=1 (full 0):
 garbage-first heap   total 126976K, used 3841K [0x0000000080000000, 0x0000000100000000)
  region size 1024K, 2 young (2048K), 2 survivors (2048K)
 Metaspace       used 6767K, capacity 6989K, committed 7168K, reserved 524288K
  class space    used 573K, capacity 650K, committed 768K, reserved 516096K
}
Event: 22.438 GC heap before
{Heap before GC invocations=1 (full 0):
 garbage-first heap   total 126976K, used 18177K [0x0000000080000000, 0x0000000100000000)
  region size 1024K, 13 young (13312K), 2 survivors (2048K)
 Metaspace       used 9869K, capacity 10020K, committed 10112K, reserved 526336K
  class space    used 1003K, capacity 1069K, committed 1152K, reserved 516096K
}
Event: 22.445 GC heap after
{Heap after GC invocations=2 (full 0):
 garbage-first heap   total 126976K, used 9405K [0x0000000080000000, 0x0000000100000000)
  region size 1024K, 2 young (2048K), 2 survivors (2048K)
 Metaspace       used 9869K, capacity 10020K, committed 10112K, reserved 526336K
  class space    used 1003K, capacity 1069K, committed 1152K, reserved 516096K
}
Event: 34.650 GC heap before
{Heap before GC invocations=2 (full 0):
 garbage-first heap   total 126976K, used 33981K [0x0000000080000000, 0x0000000100000000)
  region size 1024K, 26 young (26624K), 2 survivors (2048K)
 Metaspace       used 10937K, capacity 11138K, committed 11264K, reserved 526336K
  class space    used 1113K, capacity 1207K, committed 1280K, reserved 516096K
}
Event: 34.657 GC heap after
{Heap after GC invocations=3 (full 0):
 garbage-first heap   total 126976K, used 9885K [0x0000000080000000, 0x0000000100000000)
  region size 1024K, 3 young (3072K), 3 survivors (3072K)
 Metaspace       used 10937K, capacity 11138K, committed 11264K, reserved 526336K
  class space    used 1113K, capacity 1207K, committed 1280K, reserved 516096K
}
Event: 92.372 GC heap before
{Heap before GC invocations=3 (full 0):
 garbage-first heap   total 126976K, used 45725K [0x0000000080000000, 0x0000000100000000)
  region size 1024K, 38 young (38912K), 3 survivors (3072K)
 Metaspace       used 16799K, capacity 17202K, committed 17408K, reserved 532480K
  class space    used 1904K, capacity 2033K, committed 2048K, reserved 516096K
}
Event: 92.514 GC heap after
{Heap after GC invocations=4 (full 0):
 garbage-first heap   total 126976K, used 15621K [0x0000000080000000, 0x0000000100000000)
  region size 1024K, 5 young (5120K), 5 survivors (5120K)
 Metaspace       used 16799K, capacity 17202K, committed 17408K, reserved 532480K
  class space    used 1904K, capacity 2033K, committed 2048K, reserved 516096K
}
Event: 102.428 GC heap before
{Heap before GC invocations=4 (full 0):
 garbage-first heap   total 126976K, used 46341K [0x0000000080000000, 0x0000000100000000)
  region size 1024K, 36 young (36864K), 5 survivors (5120K)
 Metaspace       used 20703K, capacity 21167K, committed 21296K, reserved 536576K
  class space    used 2478K, capacity 2658K, committed 2688K, reserved 516096K
}
Event: 102.454 GC heap after
{Heap after GC invocations=5 (full 0):
 garbage-first heap   total 126976K, used 16993K [0x0000000080000000, 0x0000000100000000)
  region size 1024K, 2 young (2048K), 2 survivors (2048K)
 Metaspace       used 20703K, capacity 21167K, committed 21296K, reserved 536576K
  class space    used 2478K, capacity 2658K, committed 2688K, reserved 516096K
}
Event: 114.077 GC heap before
{Heap before GC invocations=6 (full 0):
 garbage-first heap   total 126976K, used 64097K [0x0000000080000000, 0x0000000100000000)
  region size 1024K, 48 young (49152K), 2 survivors (2048K)
 Metaspace       used 25439K, capacity 26017K, committed 26160K, reserved 540672K
  class space    used 3236K, capacity 3450K, committed 3456K, reserved 516096K
}
Event: 114.087 GC heap after
{Heap after GC invocations=7 (full 0):
 garbage-first heap   total 126976K, used 18599K [0x0000000080000000, 0x0000000100000000)
  region size 1024K, 3 young (3072K), 3 survivors (3072K)
 Metaspace       used 25439K, capacity 26017K, committed 26160K, reserved 540672K
  class space    used 3236K, capacity 3450K, committed 3456K, reserved 516096K
}

