# JRE version: OpenJDK Runtime Environment Microsoft-7208460 (11.0.18+10) (build 11.0.18+10-LTS)
# Java VM: OpenJDK 64-Bit Server VM Microsoft-7208460 (11.0.18+10-LTS, mixed mode, tiered, compressed oops, g1 gc, windows-amd64)
Heap:
 garbage-first heap   total 126976K, used 77552K [0x0000000080000000, 0x0000000100000000)
  region size 1024K, 61 young (62464K), 3 survivors (3072K)
 Metaspace       used 30881K, capacity 31614K, committed 31664K, reserved 544768K
  class space    used 4074K, capacity 4323K, committed 4352K, reserved 516096K
GC Heap History (12 events):
Event: 18.789 GC heap before
{Heap before GC invocations=0 (full 0):
 garbage-first heap   total 126976K, used 16384K [0x0000000080000000, 0x0000000100000000)
  region size 1024K, 14 young (14336K), 0 survivors (0K)
 Metaspace       used 6768K, capacity 6985K, committed 7168K, reserved 524288K
  class space    used 573K, capacity 650K, committed 768K, reserved 516096K
}
Event: 19.616 GC heap after
{Heap after GC invocations=1 (full 0):
 garbage-first heap   total 126976K, used 3839K [0x0000000080000000, 0x0000000100000000)
  region size 1024K, 2 young (2048K), 2 survivors (2048K)
 Metaspace       used 6768K, capacity 6985K, committed 7168K, reserved 524288K
  class space    used 573K, capacity 650K, committed 768K, reserved 516096K
}
Event: 28.066 GC heap before
{Heap before GC invocations=1 (full 0):
 garbage-first heap   total 126976K, used 18175K [0x0000000080000000, 0x0000000100000000)
  region size 1024K, 14 young (14336K), 2 survivors (2048K)
 Metaspace       used 9949K, capacity 10178K, committed 10368K, reserved 526336K
  class space    used 1011K, capacity 1102K, committed 1152K, reserved 516096K
}
Event: 28.073 GC heap after
{Heap after GC invocations=2 (full 0):
 garbage-first heap   total 126976K, used 9310K [0x0000000080000000, 0x0000000100000000)
  region size 1024K, 2 young (2048K), 2 survivors (2048K)
 Metaspace       used 9949K, capacity 10178K, committed 10368K, reserved 526336K
  class space    used 1011K, capacity 1102K, committed 1152K, reserved 516096K
}
Event: 41.224 GC heap before
{Heap before GC invocations=2 (full 0):
 garbage-first heap   total 126976K, used 36958K [0x0000000080000000, 0x0000000100000000)
  region size 1024K, 28 young (28672K), 2 survivors (2048K)
 Metaspace       used 10908K, capacity 11133K, committed 11264K, reserved 526336K
  class space    used 1113K, capacity 1207K, committed 1280K, reserved 516096K
}
Event: 41.242 GC heap after
{Heap after GC invocations=3 (full 0):
 garbage-first heap   total 126976K, used 11477K [0x0000000080000000, 0x0000000100000000)
  region size 1024K, 4 young (4096K), 4 survivors (4096K)
 Metaspace       used 10908K, capacity 11133K, committed 11264K, reserved 526336K
  class space    used 1113K, capacity 1207K, committed 1280K, reserved 516096K
}
Event: 96.098 GC heap before
{Heap before GC invocations=3 (full 0):
 garbage-first heap   total 126976K, used 49365K [0x0000000080000000, 0x0000000100000000)
  region size 1024K, 41 young (41984K), 4 survivors (4096K)
 Metaspace       used 17518K, capacity 17908K, committed 18048K, reserved 532480K
  class space    used 2013K, capacity 2144K, committed 2176K, reserved 516096K
}
Event: 96.374 GC heap after
{Heap after GC invocations=4 (full 0):
 garbage-first heap   total 126976K, used 16271K [0x0000000080000000, 0x0000000100000000)
  region size 1024K, 6 young (6144K), 6 survivors (6144K)
 Metaspace       used 17518K, capacity 17908K, committed 18048K, reserved 532480K
  class space    used 2013K, capacity 2144K, committed 2176K, reserved 516096K
}
Event: 103.581 GC heap before
{Heap before GC invocations=4 (full 0):
 garbage-first heap   total 126976K, used 43919K [0x0000000080000000, 0x0000000100000000)
  region size 1024K, 34 young (34816K), 6 survivors (6144K)
 Metaspace       used 20726K, capacity 21162K, committed 21296K, reserved 536576K
  class space    used 2477K, capacity 2658K, committed 2688K, reserved 516096K
}
Event: 103.599 GC heap after
{Heap after GC invocations=5 (full 0):
 garbage-first heap   total 126976K, used 17486K [0x0000000080000000, 0x0000000100000000)
  region size 1024K, 2 young (2048K), 2 survivors (2048K)
 Metaspace       used 20726K, capacity 21162K, committed 21296K, reserved 536576K
  class space    used 2477K, capacity 2658K, committed 2688K, reserved 516096K
}
Event: 114.522 GC heap before
{Heap before GC invocations=6 (full 0):
 garbage-first heap   total 126976K, used 64590K [0x0000000080000000, 0x0000000100000000)
  region size 1024K, 48 young (49152K), 2 survivors (2048K)
 Metaspace       used 25448K, capacity 26012K, committed 26160K, reserved 540672K
  class space    used 3235K, capacity 3450K, committed 3456K, reserved 516096K
}
Event: 114.534 GC heap after
{Heap after GC invocations=7 (full 0):
 garbage-first heap   total 126976K, used 19184K [0x0000000080000000, 0x0000000100000000)
  region size 1024K, 3 young (3072K), 3 survivors (3072K)
 Metaspace       used 25448K, capacity 26012K, committed 26160K, reserved 540672K
  class space    used 3235K, capacity 3450K, committed 3456K, reserved 516096K
}

