# JRE version: OpenJDK Runtime Environment Microsoft-7208460 (11.0.18+10) (build 11.0.18+10-LTS)
# Java VM: OpenJDK 64-Bit Server VM Microsoft-7208460 (11.0.18+10-LTS, mixed mode, tiered, compressed oops, g1 gc, windows-amd64)
Heap:
 garbage-first heap   total 126976K, used 50493K [0x0000000080000000, 0x0000000100000000)
  region size 1024K, 34 young (34816K), 6 survivors (6144K)
 Metaspace       used 37416K, capacity 38306K, committed 38480K, reserved 550912K
  class space    used 4754K, capacity 5102K, committed 5120K, reserved 516096K
GC Heap History (16 events):
Event: 18.178 GC heap before
{Heap before GC invocations=0 (full 0):
 garbage-first heap   total 126976K, used 16384K [0x0000000080000000, 0x0000000100000000)
  region size 1024K, 14 young (14336K), 0 survivors (0K)
 Metaspace       used 6771K, capacity 6989K, committed 7168K, reserved 524288K
  class space    used 573K, capacity 650K, committed 768K, reserved 516096K
}
Event: 18.608 GC heap after
{Heap after GC invocations=1 (full 0):
 garbage-first heap   total 126976K, used 3846K [0x0000000080000000, 0x0000000100000000)
  region size 1024K, 2 young (2048K), 2 survivors (2048K)
 Metaspace       used 6771K, capacity 6989K, committed 7168K, reserved 524288K
  class space    used 573K, capacity 650K, committed 768K, reserved 516096K
}
Event: 25.302 GC heap before
{Heap before GC invocations=1 (full 0):
 garbage-first heap   total 126976K, used 18182K [0x0000000080000000, 0x0000000100000000)
  region size 1024K, 14 young (14336K), 2 survivors (2048K)
 Metaspace       used 9937K, capacity 10182K, committed 10368K, reserved 526336K
  class space    used 1011K, capacity 1102K, committed 1152K, reserved 516096K
}
Event: 25.310 GC heap after
{Heap after GC invocations=2 (full 0):
 garbage-first heap   total 126976K, used 9311K [0x0000000080000000, 0x0000000100000000)
  region size 1024K, 2 young (2048K), 2 survivors (2048K)
 Metaspace       used 9937K, capacity 10182K, committed 10368K, reserved 526336K
  class space    used 1011K, capacity 1102K, committed 1152K, reserved 516096K
}
Event: 38.479 GC heap before
{Heap before GC invocations=2 (full 0):
 garbage-first heap   total 126976K, used 36959K [0x0000000080000000, 0x0000000100000000)
  region size 1024K, 28 young (28672K), 2 survivors (2048K)
 Metaspace       used 10905K, capacity 11137K, committed 11264K, reserved 526336K
  class space    used 1113K, capacity 1207K, committed 1280K, reserved 516096K
}
Event: 38.491 GC heap after
{Heap after GC invocations=3 (full 0):
 garbage-first heap   total 126976K, used 11332K [0x0000000080000000, 0x0000000100000000)
  region size 1024K, 4 young (4096K), 4 survivors (4096K)
 Metaspace       used 10905K, capacity 11137K, committed 11264K, reserved 526336K
  class space    used 1113K, capacity 1207K, committed 1280K, reserved 516096K
}
Event: 88.852 GC heap before
{Heap before GC invocations=3 (full 0):
 garbage-first heap   total 126976K, used 49220K [0x0000000080000000, 0x0000000100000000)
  region size 1024K, 41 young (41984K), 4 survivors (4096K)
 Metaspace       used 17558K, capacity 17912K, committed 18048K, reserved 532480K
  class space    used 2024K, capacity 2144K, committed 2176K, reserved 516096K
}
Event: 89.068 GC heap after
{Heap after GC invocations=4 (full 0):
 garbage-first heap   total 126976K, used 16088K [0x0000000080000000, 0x0000000100000000)
  region size 1024K, 6 young (6144K), 6 survivors (6144K)
 Metaspace       used 17558K, capacity 17912K, committed 18048K, reserved 532480K
  class space    used 2024K, capacity 2144K, committed 2176K, reserved 516096K
}
Event: 99.617 GC heap before
{Heap before GC invocations=4 (full 0):
 garbage-first heap   total 126976K, used 40664K [0x0000000080000000, 0x0000000100000000)
  region size 1024K, 32 young (32768K), 6 survivors (6144K)
 Metaspace       used 20697K, capacity 21166K, committed 21296K, reserved 536576K
  class space    used 2477K, capacity 2658K, committed 2688K, reserved 516096K
}
Event: 99.638 GC heap after
{Heap after GC invocations=5 (full 0):
 garbage-first heap   total 126976K, used 17534K [0x0000000080000000, 0x0000000100000000)
  region size 1024K, 2 young (2048K), 2 survivors (2048K)
 Metaspace       used 20697K, capacity 21166K, committed 21296K, reserved 536576K
  class space    used 2477K, capacity 2658K, committed 2688K, reserved 516096K
}
Event: 110.293 GC heap before
{Heap before GC invocations=6 (full 0):
 garbage-first heap   total 126976K, used 63614K [0x0000000080000000, 0x0000000100000000)
  region size 1024K, 47 young (48128K), 2 survivors (2048K)
 Metaspace       used 25432K, capacity 25952K, committed 26160K, reserved 540672K
  class space    used 3237K, capacity 3450K, committed 3456K, reserved 516096K
}
Event: 110.303 GC heap after
{Heap after GC invocations=7 (full 0):
 garbage-first heap   total 126976K, used 19202K [0x0000000080000000, 0x0000000100000000)
  region size 1024K, 3 young (3072K), 3 survivors (3072K)
 Metaspace       used 25432K, capacity 25952K, committed 26160K, reserved 540672K
  class space    used 3237K, capacity 3450K, committed 3456K, reserved 516096K
}
Event: 138.488 GC heap before
{Heap before GC invocations=7 (full 0):
 garbage-first heap   total 126976K, used 88834K [0x0000000080000000, 0x0000000100000000)
  region size 1024K, 71 young (72704K), 3 survivors (3072K)
 Metaspace       used 33725K, capacity 34466K, committed 34608K, reserved 546816K
  class space    used 4342K, capacity 4655K, committed 4736K, reserved 516096K
}
Event: 138.544 GC heap after
{Heap after GC invocations=8 (full 0):
 garbage-first heap   total 126976K, used 22190K [0x0000000080000000, 0x0000000100000000)
  region size 1024K, 6 young (6144K), 6 survivors (6144K)
 Metaspace       used 33725K, capacity 34466K, committed 34608K, reserved 546816K
  class space    used 4342K, capacity 4655K, committed 4736K, reserved 516096K
}
Event: 139.590 GC heap before
{Heap before GC invocations=8 (full 0):
 garbage-first heap   total 126976K, used 23214K [0x0000000080000000, 0x0000000100000000)
  region size 1024K, 8 young (8192K), 6 survivors (6144K)
 Metaspace       used 34993K, capacity 35764K, committed 35920K, reserved 548864K
  class space    used 4462K, capacity 4790K, committed 4864K, reserved 516096K
}
Event: 139.616 GC heap after
{Heap after GC invocations=9 (full 0):
 garbage-first heap   total 126976K, used 22845K [0x0000000080000000, 0x0000000100000000)
  region size 1024K, 6 young (6144K), 6 survivors (6144K)
 Metaspace       used 34993K, capacity 35764K, committed 35920K, reserved 548864K
  class space    used 4462K, capacity 4790K, committed 4864K, reserved 516096K
}

